<?xml version="1.0" encoding="UTF-8"?>
<testng-results ignored="0" total="1" passed="1" failed="0" skipped="0">
  <reporter-output>
  </reporter-output>
  <suite started-at="2022-09-09T14:29:43 IST" name="Suite" finished-at="2022-09-09T14:29:51 IST" duration-ms="8202">
    <groups>
    </groups>
    <test started-at="2022-09-09T14:29:43 IST" name="Test" finished-at="2022-09-09T14:29:51 IST" duration-ms="8202">
      <class name="Skillrary.testcases.TC_Login_01">
        <test-method is-config="true" signature="driverload(java.lang.String)[pri:0, instance:Skillrary.testcases.TC_Login_01@7446d8d5]" started-at="2022-09-09T14:29:43 IST" name="driverload" finished-at="2022-09-09T14:29:48 IST" duration-ms="5689" status="PASS">
          <params>
            <param index="0">
              <value>
                <![CDATA[chrome]]>
              </value>
            </param>
          </params>
          <reporter-output>
          </reporter-output>
        </test-method> <!-- driverload -->
        <test-method signature="login()[pri:0, instance:Skillrary.testcases.TC_Login_01@7446d8d5]" started-at="2022-09-09T14:29:48 IST" name="login" finished-at="2022-09-09T14:29:51 IST" duration-ms="2241" status="PASS">
          <reporter-output>
          </reporter-output>
        </test-method> <!-- login -->
        <test-method is-config="true" signature="closebrowser()[pri:0, instance:Skillrary.testcases.TC_Login_01@7446d8d5]" started-at="2022-09-09T14:29:51 IST" name="closebrowser" finished-at="2022-09-09T14:29:51 IST" duration-ms="245" status="PASS">
          <reporter-output>
          </reporter-output>
        </test-method> <!-- closebrowser -->
      </class> <!-- Skillrary.testcases.TC_Login_01 -->
    </test> <!-- Test -->
  </suite> <!-- Suite -->
</testng-results>
